<?xml version="1.0" encoding="UTF-8"?>
<testsuite name="BitCoinTest" tests="1" skipped="0" failures="0" errors="0" timestamp="2022-07-24T15:16:04" hostname="OF060DR59ZMD6NR" time="0.014">
  <properties/>
  <testcase name="testObservers()" classname="BitCoinTest" time="0.014"/>
  <system-out><![CDATA[Sending email...
Notifying via whatsapp msg///
]]></system-out>
  <system-err><![CDATA[]]></system-err>
</testsuite>
